===== LOGS =====

2025-07-20 18:17:12,580 - INFO - Playlist ID: 4iVkCtLR7THskTtQMLyj82
2025-07-20 18:17:12,749 - INFO - Number of songs: 1
2025-07-20 18:17:12,749 - INFO - End date: 1748736000000
2025-07-20 18:17:12,749 - INFO - Today date: 1753055999000
2025-07-20 18:17:12,749 - INFO - Getting listens after 1748736000000
2025-07-20 18:17:13,040 - INFO - Getting listens after 1748739600000
2025-07-20 18:17:13,223 - INFO - Getting listens after 1748743200000
2025-07-20 18:17:13,399 - INFO - Getting listens after 1748746800000
2025-07-20 18:17:13,590 - INFO - Getting listens after 1748750400000
2025-07-20 18:17:13,752 - INFO - Getting listens after 1748754000000
2025-07-20 18:17:13,949 - INFO - Getting listens after 1748757600000
2025-07-20 18:17:14,121 - INFO - Getting listens after 1748761200000
2025-07-20 18:17:14,275 - INFO - Getting listens after 1748764800000
2025-07-20 18:17:14,484 - INFO - Getting listens after 1748768400000
2025-07-20 18:17:14,652 - INFO - Getting listens after 1748772000000
2025-07-20 18:17:14,827 - INFO - Getting listens after 1748775600000
2025-07-20 18:17:14,998 - INFO - Getting listens after 1748779200000
2025-07-20 18:17:15,209 - INFO - Getting listens after 1748782800000
2025-07-20 18:17:15,385 - INFO - Getting listens after 1748786400000
2025-07-20 18:17:15,550 - INFO - Getting listens after 1748790000000
2025-07-20 18:17:15,736 - INFO - Getting listens after 1748793600000
2025-07-20 18:17:15,928 - INFO - Getting listens after 1748797200000
2025-07-20 18:17:16,145 - INFO - Getting listens after 1748800800000
2025-07-20 18:17:16,329 - INFO - Getting listens after 1748804400000
2025-07-20 18:17:16,564 - INFO - Getting listens after 1748808000000
2025-07-20 18:17:16,762 - INFO - Getting listens after 1748811600000
2025-07-20 18:17:17,009 - INFO - Getting listens after 1748815200000
2025-07-20 18:17:17,192 - INFO - Getting listens after 1748818800000
2025-07-20 18:17:17,359 - INFO - Getting listens after 1748822400000
2025-07-20 18:17:17,552 - INFO - Getting listens after 1748826000000
2025-07-20 18:17:17,751 - INFO - Getting listens after 1748829600000
2025-07-20 18:17:17,915 - INFO - Getting listens after 1748833200000
2025-07-20 18:17:18,087 - INFO - Getting listens after 1748836800000
2025-07-20 18:17:18,310 - INFO - Getting listens after 1748840400000
2025-07-20 18:17:18,497 - INFO - Getting listens after 1748844000000
2025-07-20 18:17:18,676 - INFO - Getting listens after 1748847600000
2025-07-20 18:17:18,855 - INFO - Getting listens after 1748851200000
2025-07-20 18:17:19,119 - INFO - Getting listens after 1748854800000
2025-07-20 18:17:19,309 - INFO - Getting listens after 1748858400000
2025-07-20 18:17:19,463 - INFO - Getting listens after 1748862000000
2025-07-20 18:17:19,849 - INFO - Getting listens after 1748865600000
2025-07-20 18:17:20,033 - INFO - Getting listens after 1748869200000
2025-07-20 18:17:20,205 - INFO - Getting listens after 1748872800000
2025-07-20 18:17:20,376 - INFO - Getting listens after 1748876400000
2025-07-20 18:17:20,615 - INFO - Getting listens after 1748880000000
2025-07-20 18:17:20,824 - INFO - Getting listens after 1748883600000
2025-07-20 18:17:21,179 - INFO - Getting listens after 1748887200000
2025-07-20 18:17:21,366 - INFO - Getting listens after 1748890800000
2025-07-20 18:17:21,684 - INFO - Getting listens after 1748894400000
2025-07-20 18:17:21,902 - INFO - Getting listens after 1748898000000
2025-07-20 18:17:22,112 - INFO - Getting listens after 1748901600000
2025-07-20 18:17:22,297 - INFO - Getting listens after 1748905200000
2025-07-20 18:17:22,488 - INFO - Getting listens after 1748908800000
2025-07-20 18:17:22,660 - INFO - Getting listens after 1748912400000
2025-07-20 18:17:22,878 - INFO - Getting listens after 1748916000000
2025-07-20 18:17:23,061 - INFO - Getting listens after 1748919600000
2025-07-20 18:17:23,436 - INFO - Getting listens after 1748923200000
2025-07-20 18:17:23,598 - INFO - Getting listens after 1748926800000
2025-07-20 18:17:23,782 - INFO - Getting listens after 1748930400000
2025-07-20 18:17:24,165 - INFO - Getting listens after 1748934000000
2025-07-20 18:17:24,348 - INFO - Getting listens after 1748937600000
2025-07-20 18:17:24,519 - INFO - Getting listens after 1748941200000
2025-07-20 18:17:24,736 - INFO - Getting listens after 1748944800000
2025-07-20 18:17:24,930 - INFO - Getting listens after 1748948400000
2025-07-20 18:17:25,118 - INFO - Getting listens after 1748952000000
2025-07-20 18:17:25,496 - INFO - Getting listens after 1748955600000
2025-07-20 18:17:25,768 - INFO - Getting listens after 1748959200000
2025-07-20 18:17:26,038 - INFO - Getting listens after 1748962800000
2025-07-20 18:17:26,250 - INFO - Getting listens after 1748966400000
2025-07-20 18:17:26,447 - INFO - Getting listens after 1748970000000
2025-07-20 18:17:26,643 - INFO - Getting listens after 1748973600000
2025-07-20 18:17:26,930 - INFO - Getting listens after 1748977200000
2025-07-20 18:17:27,115 - INFO - Getting listens after 1748980800000
2025-07-20 18:17:27,319 - INFO - Getting listens after 1748984400000
2025-07-20 18:17:27,514 - INFO - Getting listens after 1748988000000
2025-07-20 18:17:27,746 - INFO - Getting listens after 1748991600000
2025-07-20 18:17:27,937 - INFO - Getting listens after 1748995200000
2025-07-20 18:17:28,111 - INFO - Getting listens after 1748998800000
2025-07-20 18:17:28,331 - INFO - Getting listens after 1749002400000
2025-07-20 18:17:28,588 - INFO - Getting listens after 1749006000000
2025-07-20 18:17:28,820 - INFO - Getting listens after 1749009600000
2025-07-20 18:17:29,019 - INFO - Getting listens after 1749013200000
2025-07-20 18:17:29,240 - INFO - Getting listens after 1749016800000
2025-07-20 18:17:29,422 - INFO - Getting listens after 1749020400000
2025-07-20 18:17:29,705 - INFO - Getting listens after 1749024000000
2025-07-20 18:17:29,936 - INFO - Getting listens after 1749027600000
2025-07-20 18:17:30,114 - INFO - Getting listens after 1749031200000
2025-07-20 18:17:30,294 - INFO - Getting listens after 1749034800000
2025-07-20 18:17:30,489 - INFO - Getting listens after 1749038400000
2025-07-20 18:17:30,717 - INFO - Getting listens after 1749042000000
2025-07-20 18:17:30,921 - INFO - Getting listens after 1749045600000
2025-07-20 18:17:31,111 - INFO - Getting listens after 1749049200000
2025-07-20 18:17:31,307 - INFO - Getting listens after 1749052800000
2025-07-20 18:17:31,629 - INFO - Getting listens after 1749056400000
2025-07-20 18:17:31,864 - INFO - Getting listens after 1749060000000
2025-07-20 18:17:32,092 - INFO - Getting listens after 1749063600000
2025-07-20 18:17:32,266 - INFO - Getting listens after 1749067200000
2025-07-20 18:17:32,470 - INFO - Getting listens after 1749070800000
2025-07-20 18:17:32,694 - INFO - Getting listens after 1749074400000
2025-07-20 18:17:32,888 - INFO - Getting listens after 1749078000000
2025-07-20 18:17:33,081 - INFO - Getting listens after 1749081600000
2025-07-20 18:17:33,279 - INFO - Getting listens after 1749085200000
2025-07-20 18:17:33,549 - INFO - Getting listens after 1749088800000
2025-07-20 18:17:33,738 - INFO - Getting listens after 1749092400000
2025-07-20 18:17:33,906 - INFO - Getting listens after 1749096000000
2025-07-20 18:17:34,087 - INFO - Getting listens after 1749099600000
2025-07-20 18:17:34,261 - INFO - Getting listens after 1749103200000
2025-07-20 18:17:34,454 - INFO - Getting listens after 1749106800000
2025-07-20 18:17:34,653 - INFO - Getting listens after 1749110400000
2025-07-20 18:17:34,900 - INFO - Getting listens after 1749114000000
2025-07-20 18:17:35,081 - INFO - Getting listens after 1749117600000
2025-07-20 18:17:35,279 - INFO - Getting listens after 1749121200000
2025-07-20 18:17:35,440 - INFO - Getting listens after 1749124800000
2025-07-20 18:17:35,631 - INFO - Getting listens after 1749128400000
2025-07-20 18:17:35,810 - INFO - Getting listens after 1749132000000
2025-07-20 18:17:36,010 - INFO - Getting listens after 1749135600000
2025-07-20 18:17:36,203 - INFO - Getting listens after 1749139200000
2025-07-20 18:17:36,389 - INFO - Getting listens after 1749142800000
2025-07-20 18:17:36,594 - INFO - Getting listens after 1749146400000
2025-07-20 18:17:36,774 - INFO - Getting listens after 1749150000000
2025-07-20 18:17:36,946 - INFO - Getting listens after 1749153600000
2025-07-20 18:17:37,153 - INFO - Getting listens after 1749157200000
2025-07-20 18:17:37,360 - INFO - Getting listens after 1749160800000
2025-07-20 18:17:37,565 - INFO - Getting listens after 1749164400000
2025-07-20 18:17:37,803 - INFO - Getting listens after 1749168000000
2025-07-20 18:17:38,009 - INFO - Getting listens after 1749171600000
2025-07-20 18:17:38,201 - INFO - Getting listens after 1749175200000
2025-07-20 18:17:38,454 - INFO - Getting listens after 1749178800000
2025-07-20 18:17:38,637 - INFO - Getting listens after 1749182400000
2025-07-20 18:17:38,817 - INFO - Getting listens after 1749186000000
2025-07-20 18:17:39,018 - INFO - Getting listens after 1749189600000
2025-07-20 18:17:39,257 - INFO - Getting listens after 1749193200000
2025-07-20 18:17:39,434 - INFO - Getting listens after 1749196800000
2025-07-20 18:17:39,643 - INFO - Getting listens after 1749200400000
2025-07-20 18:17:39,852 - INFO - Getting listens after 1749204000000
2025-07-20 18:17:40,026 - INFO - Getting listens after 1749207600000
2025-07-20 18:17:40,225 - INFO - Getting listens after 1749211200000
2025-07-20 18:17:40,447 - INFO - Getting listens after 1749214800000
2025-07-20 18:17:40,664 - INFO - Getting listens after 1749218400000
2025-07-20 18:17:40,963 - INFO - Getting listens after 1749222000000
2025-07-20 18:17:41,143 - INFO - Getting listens after 1749225600000
2025-07-20 18:17:41,359 - INFO - Getting listens after 1749229200000
2025-07-20 18:17:41,550 - INFO - Getting listens after 1749232800000
2025-07-20 18:17:41,750 - INFO - Getting listens after 1749236400000
2025-07-20 18:17:42,025 - INFO - Getting listens after 1749240000000
2025-07-20 18:17:42,235 - INFO - Getting listens after 1749243600000
2025-07-20 18:17:42,406 - INFO - Getting listens after 1749247200000
2025-07-20 18:17:42,592 - INFO - Getting listens after 1749250800000
2025-07-20 18:17:42,851 - INFO - Getting listens after 1749254400000
2025-07-20 18:17:43,085 - INFO - Getting listens after 1749258000000
2025-07-20 18:17:43,300 - INFO - Getting listens after 1749261600000
2025-07-20 18:17:43,641 - INFO - Getting listens after 1749265200000
2025-07-20 18:17:43,819 - INFO - Getting listens after 1749268800000
2025-07-20 18:17:44,039 - INFO - Getting listens after 1749272400000
2025-07-20 18:17:44,250 - INFO - Getting listens after 1749276000000
2025-07-20 18:17:44,484 - INFO - Getting listens after 1749279600000
2025-07-20 18:17:44,672 - INFO - Getting listens after 1749283200000
2025-07-20 18:17:44,891 - INFO - Getting listens after 1749286800000
2025-07-20 18:17:45,258 - INFO - Getting listens after 1749290400000
2025-07-20 18:17:45,455 - INFO - Getting listens after 1749294000000
2025-07-20 18:17:45,682 - INFO - Getting listens after 1749297600000
2025-07-20 18:17:45,947 - INFO - Getting listens after 1749301200000
2025-07-20 18:17:46,147 - INFO - Getting listens after 1749304800000
2025-07-20 18:17:46,363 - INFO - Getting listens after 1749308400000
2025-07-20 18:17:46,644 - INFO - Getting listens after 1749312000000
2025-07-20 18:17:46,845 - INFO - Getting listens after 1749315600000
2025-07-20 18:17:47,030 - INFO - Getting listens after 1749319200000
2025-07-20 18:17:47,400 - INFO - Getting listens after 1749322800000
2025-07-20 18:17:47,576 - INFO - Getting listens after 1749326400000
2025-07-20 18:17:47,778 - INFO - Getting listens after 1749330000000
2025-07-20 18:17:47,959 - INFO - Getting listens after 1749333600000
2025-07-20 18:17:48,141 - INFO - Getting listens after 1749337200000
2025-07-20 18:17:48,535 - INFO - Getting listens after 1749340800000
2025-07-20 18:17:48,747 - INFO - Getting listens after 1749344400000
2025-07-20 18:17:48,929 - INFO - Getting listens after 1749348000000
2025-07-20 18:17:49,104 - INFO - Getting listens after 1749351600000
2025-07-20 18:17:49,321 - INFO - Getting listens after 1749355200000
2025-07-20 18:17:49,526 - INFO - Getting listens after 1749358800000
2025-07-20 18:17:49,696 - INFO - Getting listens after 1749362400000
2025-07-20 18:17:49,887 - INFO - Getting listens after 1749366000000
2025-07-20 18:17:50,085 - INFO - Getting listens after 1749369600000
2025-07-20 18:17:50,494 - INFO - Getting listens after 1749373200000
2025-07-20 18:17:50,699 - INFO - Getting listens after 1749376800000
2025-07-20 18:17:50,910 - INFO - Getting listens after 1749380400000
2025-07-20 18:17:51,082 - INFO - Getting listens after 1749384000000
2025-07-20 18:17:51,265 - INFO - Getting listens after 1749387600000
2025-07-20 18:17:51,451 - INFO - Getting listens after 1749391200000
2025-07-20 18:17:51,634 - INFO - Getting listens after 1749394800000
2025-07-20 18:17:51,823 - INFO - Getting listens after 1749398400000
2025-07-20 18:17:52,019 - INFO - Getting listens after 1749402000000
2025-07-20 18:17:52,217 - INFO - Getting listens after 1749405600000
2025-07-20 18:17:52,384 - INFO - Getting listens after 1749409200000
2025-07-20 18:17:52,586 - INFO - Getting listens after 1749412800000
2025-07-20 18:17:52,811 - INFO - Getting listens after 1749416400000
2025-07-20 18:17:53,012 - INFO - Getting listens after 1749420000000
2025-07-20 18:17:53,216 - INFO - Getting listens after 1749423600000
2025-07-20 18:17:53,466 - INFO - Getting listens after 1749427200000
2025-07-20 18:17:53,854 - INFO - Getting listens after 1749430800000
2025-07-20 18:17:54,022 - INFO - Getting listens after 1749434400000
2025-07-20 18:17:54,374 - INFO - Getting listens after 1749438000000
2025-07-20 18:17:54,597 - INFO - Getting listens after 1749441600000
2025-07-20 18:17:54,788 - INFO - Getting listens after 1749445200000
2025-07-20 18:17:55,035 - INFO - Getting listens after 1749448800000
2025-07-20 18:17:55,209 - INFO - Getting listens after 1749452400000
2025-07-20 18:17:55,401 - INFO - Getting listens after 1749456000000
2025-07-20 18:17:55,600 - INFO - Getting listens after 1749459600000
2025-07-20 18:17:55,821 - INFO - Getting listens after 1749463200000
